docker : #0 
building with 
"desktop-linux" 
instance using 
docker driver
At line:1 char:1
+ docker build -t st
ream-model-duration:
v2 . 2>&1 | 
Out-File docker_bui 
...
+ ~~~~~~~~~~~~~~~~~~
~~~~~~~~~~~~~~~~~~~~
~~~~~~~~~
    + CategoryInfo  
            : NotS  
  pecified: (#0 b   
 uilding wit...g    
 docker driver:    
String) [], Rem    
oteException
    + FullyQualifie 
   dErrorId : Nati  
  veCommandError
 

#1 [internal] load 
build definition 
from Dockerfile
#1 transferring 
dockerfile: 307B 
0.0s done
#1 DONE 0.0s

#2 [internal] load 
metadata for public.
ecr.aws/lambda/pytho
n:3.9
#2 DONE 0.1s

#3 [internal] load 
.dockerignore
#3 transferring 
context: 2B done
#3 DONE 0.0s

#4 [internal] load 
build context
#4 transferring 
context: 128B done
#4 DONE 0.0s

#5 [1/6] FROM public
.ecr.aws/lambda/pyth
on:3.9@sha256:252935
3f457c75bf8f8adcff26
91e8b6e45ba74c8cfd4c
cdfe7b6fae057661cb
#5 resolve public.ec
r.aws/lambda/python:
3.9@sha256:2529353f4
57c75bf8f8adcff2691e
8b6e45ba74c8cfd4ccdf
e7b6fae057661cb 
0.1s done
#5 DONE 0.1s

#6 [2/6] RUN pip 
install -U pip
#6 CACHED

#7 [3/6] RUN pip 
install pipenv
#7 CACHED

#8 [4/6] COPY [ 
Pipfile, 
Pipfile.lock, ./ ]
#8 CACHED

#9 [5/6] RUN pipenv 
install --system 
--deploy
#9 0.862 Installing 
dependencies from 
Pipfile.lock 
(4409fe)...
#9 22.19 Collecting 
alembic==1.8.0 
(from -r 
#9 22.19 /tmp/pipenv
-ys3cz11o-requiremen
ts/pipenv-7dxdxjju-h
ashed-reqs.txt 
(line 1))
#9 22.19   
Downloading alembic-
1.8.0-py3-none-any.w
hl (209 kB)
#9 22.20 Collecting 
boto3==1.24.21 
(from -r 
#9 22.20 /tmp/pipenv
-ys3cz11o-requiremen
ts/pipenv-7dxdxjju-h
ashed-reqs.txt 
(line 2))
#9 22.20   
Downloading boto3-1.
24.21-py3-none-any.w
hl (132 kB)
#9 22.20 Collecting 
botocore==1.27.21 
(from -r 
#9 22.20 /tmp/pipenv
-ys3cz11o-requiremen
ts/pipenv-7dxdxjju-h
ashed-reqs.txt 
(line 3))
#9 22.20   
Downloading botocore
-1.27.21-py3-none-an
y.whl (8.9 MB)
#9 22.20      ΓöüΓöü
ΓöüΓöüΓöüΓöüΓöüΓöüΓö
üΓöüΓöüΓöüΓöüΓöüΓöüΓ
öüΓöüΓöüΓöüΓöüΓöüΓöü
ΓöüΓöüΓöüΓöüΓöüΓöüΓö
üΓöüΓöüΓöüΓöüΓöüΓöüΓ
öüΓöüΓöüΓöüΓöü 
8.9/8.9 MB 2.9 MB/s 
eta 0:00:00
#9 22.20 Collecting 
certifi==2022.6.15 
(from -r 
#9 22.20 /tmp/pipenv
-ys3cz11o-requiremen
ts/pipenv-7dxdxjju-h
ashed-reqs.txt 
(line 4))
#9 22.20   
Downloading certifi-
2022.6.15-py3-none-a
ny.whl (160 kB)
#9 22.20 Collecting 
charset-normalizer==
2.1.0 (from -r 
#9 22.20 /tmp/pipenv
-ys3cz11o-requiremen
ts/pipenv-7dxdxjju-h
ashed-reqs.txt 
(line 5))
#9 22.21   
Downloading charset_
normalizer-2.1.0-py3
-none-any.whl (39 
kB)
#9 22.21 Collecting 
click==8.1.3 (from 
-r 
#9 22.21 /tmp/pipenv
-ys3cz11o-requiremen
ts/pipenv-7dxdxjju-h
ashed-reqs.txt 
(line 6))
#9 22.21   
Downloading click-8.
1.3-py3-none-any.whl
 (96 kB)
#9 22.21 Collecting 
cloudpickle==2.1.0 
(from -r 
#9 22.21 /tmp/pipenv
-ys3cz11o-requiremen
ts/pipenv-7dxdxjju-h
ashed-reqs.txt 
(line 7))
#9 22.21   
Downloading cloudpic
kle-2.1.0-py3-none-a
ny.whl (25 kB)
#9 22.21 Collecting 
databricks-cli==0.17
.0 (from -r 
#9 22.21 /tmp/pipenv
-ys3cz11o-requiremen
ts/pipenv-7dxdxjju-h
ashed-reqs.txt 
(line 8))
#9 22.21   
Downloading databric
ks-cli-0.17.0.tar.gz
 (81 kB)
#9 22.21   
Installing build 
dependencies: 
started
#9 22.21   
Installing build 
dependencies: 
finished with 
status 'done'
#9 22.21   Getting 
requirements to 
build wheel: started
#9 22.21   Getting 
requirements to 
build wheel: 
finished with 
status 'done'
#9 22.21   
Preparing metadata 
(pyproject.toml): 
started
#9 22.21   
Preparing metadata 
(pyproject.toml): 
finished with 
status 'done'
#9 22.21 Collecting 
docker==5.0.3 (from 
-r 
#9 22.21 /tmp/pipenv
-ys3cz11o-requiremen
ts/pipenv-7dxdxjju-h
ashed-reqs.txt 
(line 9))
#9 22.21   
Downloading docker-5
.0.3-py2.py3-none-an
y.whl (146 kB)
#9 22.21 Collecting 
entrypoints==0.4 
(from -r 
#9 22.21 /tmp/pipenv
-ys3cz11o-requiremen
ts/pipenv-7dxdxjju-h
ashed-reqs.txt 
(line 10))
#9 22.21   
Downloading entrypoi
nts-0.4-py3-none-any
.whl (5.3 kB)
#9 22.22 Collecting 
flask==2.1.2 (from 
-r 
#9 22.22 /tmp/pipenv
-ys3cz11o-requiremen
ts/pipenv-7dxdxjju-h
ashed-reqs.txt 
(line 11))
#9 22.22   
Downloading Flask-2.
1.2-py3-none-any.whl
 (95 kB)
#9 22.22 Collecting 
gitdb==4.0.9 (from 
-r 
#9 22.22 /tmp/pipenv
-ys3cz11o-requiremen
ts/pipenv-7dxdxjju-h
ashed-reqs.txt 
(line 12))
#9 22.22   
Downloading gitdb-4.
0.9-py3-none-any.whl
 (63 kB)
#9 22.22 Collecting 
gitpython==3.1.27 
(from -r 
#9 22.22 /tmp/pipenv
-ys3cz11o-requiremen
ts/pipenv-7dxdxjju-h
ashed-reqs.txt 
(line 13))
#9 22.22   
Downloading GitPytho
n-3.1.27-py3-none-an
y.whl (181 kB)
#9 22.22 Collecting 
greenlet==1.1.2 
(from -r 
#9 22.22 /tmp/pipenv
-ys3cz11o-requiremen
ts/pipenv-7dxdxjju-h
ashed-reqs.txt 
(line 14))
#9 22.22   
Downloading 
#9 22.22 greenlet-1.
1.2-cp39-cp39-manyli
nux_2_17_x86_64.many
linux2014_x86_64.whl
 (153 kB)
#9 22.22 Collecting 
gunicorn==20.1.0 
(from -r 
#9 22.22 /tmp/pipenv
-ys3cz11o-requiremen
ts/pipenv-7dxdxjju-h
ashed-reqs.txt 
(line 15))
#9 22.22   
Downloading gunicorn
-20.1.0-py3-none-any
.whl (79 kB)
#9 22.22 Collecting 
idna==3.3 (from -r 
#9 22.22 /tmp/pipenv
-ys3cz11o-requiremen
ts/pipenv-7dxdxjju-h
ashed-reqs.txt 
(line 16))
#9 22.22   
Downloading idna-3.3
-py3-none-any.whl 
(61 kB)
#9 22.22 Collecting 
importlib-metadata==
4.12.0 (from -r 
#9 22.22 /tmp/pipenv
-ys3cz11o-requiremen
ts/pipenv-7dxdxjju-h
ashed-reqs.txt 
(line 17))
#9 22.22   
Downloading importli
b_metadata-4.12.0-py
3-none-any.whl (21 
kB)
#9 22.22 Collecting 
itsdangerous==2.1.2 
(from -r 
#9 22.22 /tmp/pipenv
-ys3cz11o-requiremen
ts/pipenv-7dxdxjju-h
ashed-reqs.txt 
(line 18))
#9 22.22   
Downloading itsdange
rous-2.1.2-py3-none-
any.whl (15 kB)
#9 22.23 Collecting 
jinja2==3.1.2 (from 
-r 
#9 22.23 /tmp/pipenv
-ys3cz11o-requiremen
ts/pipenv-7dxdxjju-h
ashed-reqs.txt 
(line 19))
#9 22.23   
Downloading Jinja2-3
.1.2-py3-none-any.wh
l (133 kB)
#9 22.23 Collecting 
jmespath==1.0.1 
(from -r 
#9 22.23 /tmp/pipenv
-ys3cz11o-requiremen
ts/pipenv-7dxdxjju-h
ashed-reqs.txt 
(line 20))
#9 22.23   
Downloading jmespath
-1.0.1-py3-none-any.
whl (20 kB)
#9 22.23 Collecting 
joblib==1.1.0 (from 
-r 
#9 22.23 /tmp/pipenv
-ys3cz11o-requiremen
ts/pipenv-7dxdxjju-h
ashed-reqs.txt 
(line 21))
#9 22.23   
Downloading joblib-1
.1.0-py2.py3-none-an
y.whl (306 kB)
#9 22.23 Collecting 
mako==1.2.1 (from 
-r 
#9 22.23 /tmp/pipenv
-ys3cz11o-requiremen
ts/pipenv-7dxdxjju-h
ashed-reqs.txt 
(line 22))
#9 22.23   
Downloading Mako-1.2
.1-py3-none-any.whl 
(78 kB)
#9 22.23 Collecting 
markupsafe==2.1.1 
(from -r 
#9 22.23 /tmp/pipenv
-ys3cz11o-requiremen
ts/pipenv-7dxdxjju-h
ashed-reqs.txt 
(line 23))
#9 22.23   
Downloading 
#9 22.23 MarkupSafe-
2.1.1-cp39-cp39-many
linux_2_17_x86_64.ma
nylinux2014_x86_64.w
hl (25 
#9 22.23 kB)
#9 22.23 Collecting 
mlflow==1.27.0 
(from -r 
#9 22.23 /tmp/pipenv
-ys3cz11o-requiremen
ts/pipenv-7dxdxjju-h
ashed-reqs.txt 
(line 24))
#9 22.23   
Downloading mlflow-1
.27.0-py3-none-any.w
hl (17.9 MB)
#9 22.23      ΓöüΓöü
ΓöüΓöüΓöüΓöüΓöüΓöüΓö
üΓöüΓöüΓöüΓöüΓöüΓöüΓ
öüΓöüΓöüΓöüΓöüΓöüΓöü
ΓöüΓöüΓöüΓöüΓöüΓöüΓö
üΓöüΓöüΓöüΓöüΓöüΓöüΓ
öüΓöüΓöüΓöüΓöü 
17.9/17.9 MB 3.8 
MB/s eta 0:00:00
#9 22.24 WARNING: 
Ignoring version 
1.27.0 of mlflow 
since it has 
invalid metadata:
#9 22.24 Requested 
mlflow==1.27.0 from 
#9 22.24 https://fil
es.pythonhosted.org/
packages/12/49/1c6f1
535bb8b9f35463b043c0
8a902531a
#9 22.24 367ed42b0fe
4afb3882bb28f8a/mlfl
ow-1.27.0-py3-none-a
ny.whl (from -r 
#9 22.24 /tmp/pipenv
-ys3cz11o-requiremen
ts/pipenv-7dxdxjju-h
ashed-reqs.txt 
(line 24)) has
#9 22.24 invalid 
metadata: .* suffix 
can only be used 
with `==` or `!=` 
operators
#9 22.24     
scikit-learn 
(>=1.0.*) ; extra 
== 'pipelines'
#9 22.24            
       ~~~~~~^
#9 22.24 Please use 
pip<24.1 if you 
need to use this 
version.
#9 22.24 ERROR: 
Ignored the 
following yanked 
versions: 2.0.0, 
2.12.0, 2.22.3, 
3.1.2
#9 22.24 ERROR: 
Ignored the 
following versions 
that require a 
different python 
version: 
#9 22.24 1.17.0 
Requires-Python 
>=3.10; 1.17.1 
Requires-Python 
>=3.10; 1.17.2 
#9 22.24 
Requires-Python 
>=3.10; 1.18.0 
Requires-Python 
>=3.10; 1.18.1 
Requires-Python 
#9 22.24 >=3.10; 
1.18.2 
Requires-Python 
>=3.10; 1.18.3 
Requires-Python 
>=3.10; 1.18.4 
#9 22.24 
Requires-Python 
>=3.10; 24.0.0 
Requires-Python 
>=3.10; 24.1.0 
Requires-Python 
#9 22.24 >=3.10; 
24.1.1 
Requires-Python 
>=3.10; 25.0.0 
Requires-Python 
>=3.10; 25.0.1 
#9 22.24 
Requires-Python 
>=3.10; 25.0.2 
Requires-Python 
>=3.10; 25.0.3 
Requires-Python 
#9 22.24 >=3.10; 
3.10.0rc0 
Requires-Python 
>=3.10; 3.2.0 
Requires-Python 
>=3.10; 3.2.0rc0
#9 22.24 
Requires-Python 
>=3.10; 3.3.0 
Requires-Python 
>=3.10; 3.3.0rc0 
Requires-Python 
#9 22.24 >=3.10; 
3.3.1 
Requires-Python 
>=3.10; 3.3.2 
Requires-Python 
>=3.10; 3.4.0 
#9 22.24 
Requires-Python 
>=3.10; 3.4.0rc0 
Requires-Python 
>=3.10; 3.5.0 
Requires-Python 
#9 22.24 >=3.10; 
3.5.0rc0 
Requires-Python 
>=3.10; 3.5.1 
Requires-Python 
>=3.10; 3.6.0 
#9 22.24 
Requires-Python 
>=3.10; 3.6.0rc0 
Requires-Python 
>=3.10; 3.7.0 
Requires-Python 
#9 22.24 >=3.10; 
3.7.0rc0 
Requires-Python 
>=3.10; 3.8.0 
Requires-Python 
>=3.10; 3.8.0rc0 
#9 22.24 
Requires-Python 
>=3.10; 3.8.1 
Requires-Python 
>=3.10; 3.9.0 
Requires-Python 
#9 22.24 >=3.10; 
3.9.0rc0 
Requires-Python 
>=3.10; 8.2.0 
Requires-Python 
>=3.10; 8.2.1 
#9 22.24 
Requires-Python 
>=3.10; 8.2.2 
Requires-Python 
>=3.10; 8.3.0 
Requires-Python 
#9 22.24 >=3.10; 
8.3.1 
Requires-Python 
>=3.10
#9 22.25 ERROR: 
Could not find a 
version that 
satisfies the 
requirement 
mlflow==1.27.0 
#9 22.25 (from 
versions: 0.0.1, 
0.1.0, 0.2.0, 
0.2.1, 0.3.0, 
0.4.0, 0.4.1, 
0.4.2, 0.5.0, 
#9 22.25 0.5.1, 
0.5.2, 0.6.0, 
0.7.0, 0.8.0, 
0.8.1, 0.8.2, 
0.9.0, 0.9.0.1, 
0.9.1, 1.0.0, 
#9 22.25 1.1.0, 
1.1.1.dev0, 1.2.0, 
1.3.0, 1.4.0, 
1.5.0, 1.6.0, 
1.7.0, 1.7.1, 
1.7.2, 
#9 22.25 1.8.0, 
1.9.0, 1.9.1, 
1.10.0, 1.11.0, 
1.12.0, 1.12.1, 
1.13, 1.13.1, 
1.14.0, 
#9 22.25 1.14.1, 
1.15.0, 1.16.0, 
1.17.0, 1.18.0, 
1.19.0, 1.20.0, 
1.20.1, 1.20.2, 
1.21.0, 
#9 22.25 1.22.0, 
1.23.0, 1.23.1, 
1.24.0, 1.25.0, 
1.25.1, 1.26.0, 
1.26.1, 1.27.0, 
1.28.0, 
#9 22.25 1.29.0, 
1.30.0, 1.30.1, 
2.0.0rc0, 2.0.1, 
2.1.0, 2.1.1, 
2.2.0, 2.2.1, 
2.2.2, 
#9 22.25 2.3.0, 
2.3.1, 2.3.2, 
2.4.0, 2.4.1, 
2.4.2, 2.5.0, 
2.6.0, 2.7.0, 
2.7.1, 2.8.0, 
#9 22.25 2.8.1, 
2.9.0, 2.9.1, 
2.9.2, 2.10.0, 
2.10.1, 2.10.2, 
2.11.0, 2.11.1, 
2.11.2, 
#9 22.25 2.11.3, 
2.11.4, 2.12.1, 
2.12.2, 2.13.0, 
2.13.1, 2.13.2, 
2.14.0rc0, 2.14.0, 
#9 22.25 2.14.1, 
2.14.2.dev0, 
2.14.2, 2.14.3, 
2.15.0rc0, 2.15.0, 
2.15.1, 2.16.0, 
2.16.1, 
#9 22.25 2.16.2, 
2.17.0rc0, 2.17.0, 
2.17.1, 2.17.2, 
2.18.0rc0, 2.18.0, 
2.19.0rc0, 2.19.0,
#9 22.25 2.20.0rc0, 
2.20.0, 2.20.1, 
2.20.2, 2.20.3, 
2.20.4, 2.21.0rc0, 
2.21.0, 2.21.1, 
#9 22.25 2.21.2, 
2.21.3, 2.22.0rc0, 
2.22.0, 2.22.1, 
2.22.2, 2.22.4, 
3.0.0rc0, 3.0.0rc1, 
#9 22.25 3.0.0rc2, 
3.0.0rc3, 3.0.0, 
3.0.1, 3.1.0rc0, 
3.1.0, 3.1.1, 
3.1.3, 3.1.4)
#9 22.25 ERROR: No 
matching 
distribution found 
for mlflow==1.27.0
#9 22.25 ERROR: 
Couldn't install 
package: {}
#9 22.25  Package 
installation 
failed...
#9 ERROR: process 
"/bin/sh -c pipenv 
install --system 
--deploy" did not 
complete 
successfully: exit 
code: 1
------
 > [5/6] RUN pipenv 
install --system 
--deploy:
22.25 2.8.1, 2.9.0, 
2.9.1, 2.9.2, 
2.10.0, 2.10.1, 
2.10.2, 2.11.0, 
2.11.1, 2.11.2, 
22.25 2.11.3, 
2.11.4, 2.12.1, 
2.12.2, 2.13.0, 
2.13.1, 2.13.2, 
2.14.0rc0, 2.14.0, 
22.25 2.14.1, 
2.14.2.dev0, 
2.14.2, 2.14.3, 
2.15.0rc0, 2.15.0, 
2.15.1, 2.16.0, 
2.16.1, 
22.25 2.16.2, 
2.17.0rc0, 2.17.0, 
2.17.1, 2.17.2, 
2.18.0rc0, 2.18.0, 
2.19.0rc0, 2.19.0,
22.25 2.20.0rc0, 
2.20.0, 2.20.1, 
2.20.2, 2.20.3, 
2.20.4, 2.21.0rc0, 
2.21.0, 2.21.1, 
22.25 2.21.2, 
2.21.3, 2.22.0rc0, 
2.22.0, 2.22.1, 
2.22.2, 2.22.4, 
3.0.0rc0, 3.0.0rc1, 
22.25 3.0.0rc2, 
3.0.0rc3, 3.0.0, 
3.0.1, 3.1.0rc0, 
3.1.0, 3.1.1, 
3.1.3, 3.1.4)
22.25 ERROR: No 
matching 
distribution found 
for mlflow==1.27.0
22.25 ERROR: 
Couldn't install 
package: {}
22.25  Package 
installation 
failed...
------
Dockerfile:8
--------------------
   6 |     COPY [ 
"Pipfile", 
"Pipfile.lock", 
"./" ]
   7 |     
   8 | >>> RUN 
pipenv install 
--system --deploy
   9 |     
  10 |     COPY [ "l
ambda_function.py", 
"model.py", "./" ]
--------------------
ERROR: failed to 
build: failed to 
solve: process 
"/bin/sh -c pipenv 
install --system 
--deploy" did not 
complete 
successfully: exit 
code: 1

View build details: 
docker-desktop://das
hboard/build/desktop
-linux/desktop-linux
/ou30f7rnrjz3lfjzzfn
u5b3nk
