git : To https://git
hub.com/naveenkumar9
82/mlops-zoomcamp.gi
t
At line:1 char:1
+ git push origin 
main 2>&1 | 
Out-File 
push_final.log 
-Encoding UTF8
+ ~~~~~~~~~~~~~~~~~~
~~~~~~~
    + CategoryInfo  
            : NotS  
  pecified: (To h   
 ttps://gith...p    
s-zoomcamp.git:    
String) [], Rem    
oteException
    + FullyQualifie 
   dErrorId : Nati  
  veCommandError
 
 ! [remote 
rejected] main -> 
main (refusing to 
allow a Personal 
Access Token to 
create or update 
workflow `.github/wo
rkflows/cd-deploy.ym
l` without 
`workflow` scope)
error: failed to 
push some refs to 'h
ttps://github.com/na
veenkumar982/mlops-z
oomcamp.git'
